[31560:25780:1227/185010.837:WARNING:chrome_main_delegate.cc(672)] This is Chrome version 131.0.6778.205 (not a warning)
[31560:25780:1227/185010.903:INFO:chrome_browser_cloud_management_controller.cc(196)] No machine level policy manager exists.
[32212:17976:1227/185011.142:WARNING:viz_main_impl.cc(85)] VizNullHypothesis is disabled (not a warning)
[31560:25780:1227/185016.477:INFO:CONSOLE(44)] "A preload for 'https://www.aljazeera.com/wp-content/uploads/2024/12/AFP__20241225__36RG3Y4__v1__HighRes__KazakhstanPlaneCrash-1735143379.jpg?resize=770%2C513&quality=80' is found, but is not used because image loading is disabled.", source: https://www.aljazeera.com/news/2024/12/25/passenger-plane-crashes-in-kazakhstan-emergencies-ministry (44)
[31560:25780:1227/185016.478:INFO:CONSOLE(44)] "A preload for 'https://www.aljazeera.com/wp-content/uploads/2024/12/AFP__20241225__36RG3Y4__v1__HighRes__KazakhstanPlaneCrash-1735143379.jpg?resize=770%2C513&quality=80' is found, but is not used because image loading is disabled.", source: https://www.aljazeera.com/news/2024/12/25/passenger-plane-crashes-in-kazakhstan-emergencies-ministry (44)
[31560:25780:1227/185016.478:INFO:CONSOLE(44)] "A preload for 'https://www.aljazeera.com/wp-content/uploads/2024/12/AFP__20241225__36RG3Y4__v1__HighRes__KazakhstanPlaneCrash-1735143379.jpg?resize=770%2C513&quality=80' is found, but is not used because image loading is disabled.", source: https://www.aljazeera.com/news/2024/12/25/passenger-plane-crashes-in-kazakhstan-emergencies-ministry (44)
[31560:25780:1227/185021.822:WARNING:download_manager_impl.cc(701)] A download with the same GUID already exists, the new request is ignored.
[31560:25780:1227/185021.834:WARNING:controller_impl.cc(1192)] Background download complete, client: 6, completion type: 0, file size:5155
[31560:25780:1227/185022.422:WARNING:controller_impl.cc(1192)] Background download complete, client: 6, completion type: 0, file size:265059
[31560:25780:1227/185023.125:INFO:CONSOLE(44)] "A preload for 'https://www.aljazeera.com/wp-content/uploads/2024/12/AP24360347887622-1735136132.jpg?resize=770%2C513&quality=80' is found, but is not used because image loading is disabled.", source: https://www.aljazeera.com/news/2024/12/26/why-did-an-azerbaijan-airline-plane-crash-in-kazakhstan-what-we-know (44)
[31560:25780:1227/185023.125:INFO:CONSOLE(44)] "A preload for 'https://www.aljazeera.com/wp-content/uploads/2024/12/AP24360347887622-1735136132.jpg?resize=770%2C513&quality=80' is found, but is not used because image loading is disabled.", source: https://www.aljazeera.com/news/2024/12/26/why-did-an-azerbaijan-airline-plane-crash-in-kazakhstan-what-we-know (44)
[31560:25780:1227/185023.126:INFO:CONSOLE(44)] "A preload for 'https://www.aljazeera.com/wp-content/uploads/2024/12/AP24360347887622-1735136132.jpg?resize=770%2C513&quality=80' is found, but is not used because image loading is disabled.", source: https://www.aljazeera.com/news/2024/12/26/why-did-an-azerbaijan-airline-plane-crash-in-kazakhstan-what-we-know (44)
[31560:25780:1227/185024.024:WARNING:controller_impl.cc(1192)] Background download complete, client: 6, completion type: 0, file size:883094
[26480:33408:1227/185024.333:WARNING:spdy_session.cc(2975)] Received HEADERS for invalid stream 3
[26480:33408:1227/185024.801:WARNING:spdy_session.cc(2975)] Received HEADERS for invalid stream 1
[31560:25780:1227/185024.941:WARNING:controller_impl.cc(1192)] Background download complete, client: 6, completion type: 0, file size:45161
[31560:25780:1227/185025.033:WARNING:controller_impl.cc(1192)] Background download complete, client: 6, completion type: 0, file size:2200227
[31560:25780:1227/185025.329:WARNING:controller_impl.cc(1192)] Background download complete, client: 6, completion type: 0, file size:4680
[26480:33408:1227/185027.318:WARNING:cors_url_loader_factory.cc(548)] `cors_exempt_headers` contains unexpected key: COj0ygE=
[31560:25780:1227/185027.444:WARNING:controller_impl.cc(1192)] Background download complete, client: 6, completion type: 0, file size:2747168
[31560:25780:1227/185027.472:WARNING:download_manager_impl.cc(701)] A download with the same GUID already exists, the new request is ignored.
[31560:25780:1227/185027.553:WARNING:controller_impl.cc(1192)] Background download complete, client: 6, completion type: 0, file size:118577
[32192:30428:1227/185027.628:ERROR:zip_reader.cc(153)] Cannot open ZIP from file handle 0000000000000328
[32192:30428:1227/185027.629:ERROR:zip.cc(202)] Cannot open ZIP from file handle 0000000000000328
[26480:33408:1227/185031.128:WARNING:cors_url_loader_factory.cc(548)] `cors_exempt_headers` contains unexpected key: COj0ygE=
[31560:25780:1227/185045.432:INFO:CONSOLE(44)] "A preload for 'https://www.aljazeera.com/wp-content/uploads/2024/12/2024-12-26T094128Z_625049769_RC26WBAKUEJP_RTRMADP_3_UKRAINE-CRISIS-SOUTH-FRONTLINE-1735280773.jpg?resize=770%2C513&quality=80' is found, but is not used because image loading is disabled.", source: https://www.aljazeera.com/news/2024/12/27/russia-ukraine-war-list-of-key-events-day-1037 (44)
[31560:25780:1227/185045.432:INFO:CONSOLE(44)] "A preload for 'https://www.aljazeera.com/wp-content/uploads/2024/12/2024-12-26T094128Z_625049769_RC26WBAKUEJP_RTRMADP_3_UKRAINE-CRISIS-SOUTH-FRONTLINE-1735280773.jpg?resize=770%2C513&quality=80' is found, but is not used because image loading is disabled.", source: https://www.aljazeera.com/news/2024/12/27/russia-ukraine-war-list-of-key-events-day-1037 (44)
[31560:25780:1227/185045.432:INFO:CONSOLE(44)] "A preload for 'https://www.aljazeera.com/wp-content/uploads/2024/12/2024-12-26T094128Z_625049769_RC26WBAKUEJP_RTRMADP_3_UKRAINE-CRISIS-SOUTH-FRONTLINE-1735280773.jpg?resize=770%2C513&quality=80' is found, but is not used because image loading is disabled.", source: https://www.aljazeera.com/news/2024/12/27/russia-ukraine-war-list-of-key-events-day-1037 (44)
[26480:33408:1227/185046.559:WARNING:spdy_session.cc(2975)] Received HEADERS for invalid stream 3
[26480:33408:1227/185046.657:WARNING:spdy_session.cc(2975)] Received HEADERS for invalid stream 5
[31560:25780:1227/185050.024:INFO:CONSOLE(0)] "Access to link prefetch resource at 'https://www-allsides-com.webpkgcache.com/doc/-/s/www.allsides.com/news/2024-12-26-1102/world-russia-warns-against-hypotheses-after-azerbaijan-airlines-crash' from origin 'https://www.google.com' has been blocked by CORS policy: No 'Access-Control-Allow-Origin' header is present on the requested resource.", source: https://www.google.com/search?q=azerbaijan+airlines+kazakhstan+al+jazeera&sca_esv=3369a13ada3efafa&ei=sbBuZ6SmJv-Vi-gPosyR-A8&start=60&sa=N&sstk=ATObxK5OByJpzsj_2PxhpFYGm_8hWUaoY-4X9sVNl2DHWEjU__sOnQeZmT_Sk-xM7PLp8V6eBttrpDrwj1OjMEhs6o4lGkGVfr1YOVFu18a-c1hnvoCqET1hFhvfr3iC2v_G9_pkLBdb9aPP43nkO83znuA27KGWJdJ5HbR14x7bHsx2FwyhQeBrdatx8T-kafw1tmAWFWkOdZYuckBBX2oyQ8lAm11Qug-nCjQiGqFcmtp6Fz9cefHBU7nAPDI&ved=2ahUKEwjkwon9i8iKAxX_ygIHHSJmBP84MhDw0wN6BAgKEBc&cshid=1735307445999584&biw=1036&bih=514&dpr=1.5 (0)
[31560:25780:1227/185054.684:INFO:CONSOLE(44)] "A preload for 'https://www.aljazeera.com/wp-content/uploads/2024/12/2024-12-23T101729Z_1571448340_RC21TBAGJSEQ_RTRMADP_3_UKRAINE-CRISIS-EAST-FRONTLINE-1735188498.jpg?resize=770%2C513&quality=80' is found, but is not used because image loading is disabled.", source: https://www.aljazeera.com/news/2024/12/26/russia-ukraine-war-list-of-key-events-day-1036 (44)
[31560:25780:1227/185054.684:INFO:CONSOLE(44)] "A preload for 'https://www.aljazeera.com/wp-content/uploads/2024/12/2024-12-23T101729Z_1571448340_RC21TBAGJSEQ_RTRMADP_3_UKRAINE-CRISIS-EAST-FRONTLINE-1735188498.jpg?resize=770%2C513&quality=80' is found, but is not used because image loading is disabled.", source: https://www.aljazeera.com/news/2024/12/26/russia-ukraine-war-list-of-key-events-day-1036 (44)
[31560:25780:1227/185054.684:INFO:CONSOLE(44)] "A preload for 'https://www.aljazeera.com/wp-content/uploads/2024/12/2024-12-23T101729Z_1571448340_RC21TBAGJSEQ_RTRMADP_3_UKRAINE-CRISIS-EAST-FRONTLINE-1735188498.jpg?resize=770%2C513&quality=80' is found, but is not used because image loading is disabled.", source: https://www.aljazeera.com/news/2024/12/26/russia-ukraine-war-list-of-key-events-day-1036 (44)
[26480:33408:1227/185055.839:WARNING:spdy_session.cc(2975)] Received HEADERS for invalid stream 7
[26480:33408:1227/185055.849:WARNING:spdy_session.cc(2975)] Received HEADERS for invalid stream 3
[26480:33408:1227/185058.468:WARNING:cors_url_loader_factory.cc(548)] `cors_exempt_headers` contains unexpected key: COj0ygE=
[31560:25780:1227/185102.427:INFO:CONSOLE(44)] "A preload for 'https://www.aljazeera.com/wp-content/uploads/2005/12/dfbd470e-df69-4206-8687-a626b15188b48aa935c8ea7e41679be62c3fdea6cc11.jpeg?resize=120%2C80&quality=80' is found, but is not used because image loading is disabled.", source: https://www.aljazeera.com/news/2005/12/24/azerbaijan-plane-crash-kills-23 (44)
[31560:25780:1227/185102.427:INFO:CONSOLE(44)] "A preload for 'https://www.aljazeera.com/wp-content/uploads/2005/12/dfbd470e-df69-4206-8687-a626b15188b48aa935c8ea7e41679be62c3fdea6cc11.jpeg?resize=120%2C80&quality=80' is found, but is not used because image loading is disabled.", source: https://www.aljazeera.com/news/2005/12/24/azerbaijan-plane-crash-kills-23 (44)
[31560:25780:1227/185102.427:INFO:CONSOLE(44)] "A preload for 'https://www.aljazeera.com/wp-content/uploads/2005/12/dfbd470e-df69-4206-8687-a626b15188b48aa935c8ea7e41679be62c3fdea6cc11.jpeg?resize=120%2C80&quality=80' is found, but is not used because image loading is disabled.", source: https://www.aljazeera.com/news/2005/12/24/azerbaijan-plane-crash-kills-23 (44)
[26480:33408:1227/185103.554:WARNING:spdy_session.cc(2975)] Received HEADERS for invalid stream 9
[26480:33408:1227/185103.583:WARNING:spdy_session.cc(2975)] Received HEADERS for invalid stream 7
[26480:33408:1227/185103.755:WARNING:cors_url_loader_factory.cc(548)] `cors_exempt_headers` contains unexpected key: COj0ygE=
[26480:33408:1227/185106.501:WARNING:spdy_session.cc(2707)] Received RST for invalid stream1
[31560:25780:1227/185110.368:INFO:CONSOLE(44)] "A preload for 'https://www.aljazeera.com/wp-content/uploads/2020/01/d5cf87484ac04c869754745004f879bd_18.jpeg?resize=770%2C513&quality=80' is found, but is not used because image loading is disabled.", source: https://www.aljazeera.com/news/2020/1/9/iran-ukraine-plane-caught-fire-but-crew-never-called-for-help (44)
[31560:25780:1227/185110.368:INFO:CONSOLE(44)] "A preload for 'https://www.aljazeera.com/wp-content/uploads/2020/01/d5cf87484ac04c869754745004f879bd_18.jpeg?resize=770%2C513&quality=80' is found, but is not used because image loading is disabled.", source: https://www.aljazeera.com/news/2020/1/9/iran-ukraine-plane-caught-fire-but-crew-never-called-for-help (44)
[31560:25780:1227/185110.368:INFO:CONSOLE(44)] "A preload for 'https://www.aljazeera.com/wp-content/uploads/2020/01/d5cf87484ac04c869754745004f879bd_18.jpeg?resize=770%2C513&quality=80' is found, but is not used because image loading is disabled.", source: https://www.aljazeera.com/news/2020/1/9/iran-ukraine-plane-caught-fire-but-crew-never-called-for-help (44)
[26480:33408:1227/185115.666:WARNING:cors_url_loader_factory.cc(548)] `cors_exempt_headers` contains unexpected key: COj0ygE=
